<?xml version="1.0" encoding="UTF-8"?>
<robot generator="Robot 7.0 (Python 3.12.1 on win32)" generated="2024-02-06T10:21:42.310927" rpa="false" schemaversion="5">
<suite id="s1" name="Searchtest" source="F:\QA\RobotSelenium_Kompas\searchtest.robot">
<test id="s1-t1" name="Search Berita Test" line="6">
<kw name="Open Browser" owner="SeleniumLibrary">
<msg time="2024-02-06T10:21:43.453036" level="INFO">Opening browser 'edge' to base url 'https://www.kompas.com'.</msg>
<arg>https://www.kompas.com</arg>
<arg>edge</arg>
<doc>Opens a new browser instance to the optional ``url``.</doc>
<status status="PASS" start="2024-02-06T10:21:43.453036" elapsed="21.823448"/>
</kw>
<kw name="Input Text" owner="SeleniumLibrary">
<msg time="2024-02-06T10:22:05.286516" level="INFO">Typing text 'Tom' into text field 'id:search'.</msg>
<arg>id:search</arg>
<arg>Tom</arg>
<doc>Types the given ``text`` into the text field identified by ``locator``.</doc>
<status status="PASS" start="2024-02-06T10:22:05.283051" elapsed="0.970995"/>
</kw>
<kw name="Press Keys" owner="SeleniumLibrary">
<msg time="2024-02-06T10:22:06.257082" level="INFO">Sending key(s) ('ENTER',) to id:search element.</msg>
<msg time="2024-02-06T10:22:06.814408" level="INFO">Pressing special key ENTER to element.</msg>
<msg time="2024-02-06T10:22:06.814408" level="INFO">Releasing special key ENTER.</msg>
<arg>id:search</arg>
<arg>ENTER</arg>
<doc>Simulates the user pressing key(s) to an element or on the active browser.</doc>
<status status="PASS" start="2024-02-06T10:22:06.255082" elapsed="4.629972"/>
</kw>
<kw name="Wait Until Page Contains" owner="SeleniumLibrary">
<arg>Pencarian</arg>
<doc>Waits until ``text`` appears on the current page.</doc>
<status status="PASS" start="2024-02-06T10:22:10.886571" elapsed="0.384968"/>
</kw>
<kw name="Get Text" owner="SeleniumLibrary">
<msg time="2024-02-06T10:22:11.521650" level="INFO">${text} = Dianggap Menghasut, Tom Lembong Dilaporkan ke Bawaslu</msg>
<var>${text}</var>
<arg>//div[@class='gsc-expansionArea']/div[2]/div/div/div/a</arg>
<doc>Returns the text value of the element identified by ``locator``.</doc>
<status status="PASS" start="2024-02-06T10:22:11.272538" elapsed="0.250109"/>
</kw>
<kw name="Click Element" owner="SeleniumLibrary">
<msg time="2024-02-06T10:22:11.525010" level="INFO">Clicking element '//div[@class='gsc-expansionArea']/div[2]/div/div/div/a'.</msg>
<arg>//div[@class='gsc-expansionArea']/div[2]/div/div/div/a</arg>
<doc>Click the element identified by ``locator``.</doc>
<status status="PASS" start="2024-02-06T10:22:11.523644" elapsed="15.429608"/>
</kw>
<kw name="Wait Until Page Does Not Contain Element" owner="SeleniumLibrary">
<arg>//div[@class='gsc-expansionArea']</arg>
<doc>Waits until the element ``locator`` disappears from the current page.</doc>
<status status="PASS" start="2024-02-06T10:22:26.955246" elapsed="0.050370"/>
</kw>
<kw name="Wait Until Page Contains Element" owner="SeleniumLibrary">
<arg>//h1[@class='read__title']</arg>
<doc>Waits until the element ``locator`` appears on the current page.</doc>
<status status="PASS" start="2024-02-06T10:22:27.022143" elapsed="0.067980"/>
</kw>
<kw name="Close Browser" owner="SeleniumLibrary">
<doc>Closes the current browser.</doc>
<status status="PASS" start="2024-02-06T10:22:27.090123" elapsed="5.545329"/>
</kw>
<status status="PASS" start="2024-02-06T10:21:43.451408" elapsed="49.186953"/>
</test>
<status status="PASS" start="2024-02-06T10:21:42.315032" elapsed="50.332521"/>
</suite>
<statistics>
<total>
<stat pass="1" fail="0" skip="0">All Tests</stat>
</total>
<tag>
</tag>
<suite>
<stat pass="1" fail="0" skip="0" id="s1" name="Searchtest">Searchtest</stat>
</suite>
</statistics>
<errors>
</errors>
</robot>
